c:\users\s171699\desktop\patterndemo\aiebootstrap\temp\project2d\debug\vc140.pdb
c:\users\s171699\desktop\patterndemo\aiebootstrap\temp\project2d\debug\vc140.idb
c:\users\s171699\desktop\patterndemo\aiebootstrap\temp\project2d\debug\application2d.obj
c:\users\s171699\desktop\patterndemo\aiebootstrap\temp\project2d\debug\entity.obj
c:\users\s171699\desktop\patterndemo\aiebootstrap\temp\project2d\debug\game.obj
c:\users\s171699\desktop\patterndemo\aiebootstrap\temp\project2d\debug\loading.obj
c:\users\s171699\desktop\patterndemo\aiebootstrap\temp\project2d\debug\main.obj
c:\users\s171699\desktop\patterndemo\aiebootstrap\temp\project2d\debug\menu.obj
c:\users\s171699\desktop\patterndemo\aiebootstrap\temp\project2d\debug\objectpool.obj
c:\users\s171699\desktop\patterndemo\aiebootstrap\temp\project2d\debug\ship.obj
c:\users\s171699\desktop\patterndemo\aiebootstrap\temp\project2d\debug\splash.obj
c:\users\s171699\desktop\patterndemo\aiebootstrap\temp\project2d\debug\statemachine.obj
c:\users\s171699\desktop\patterndemo\aiebootstrap\temp\project2d\debug\project2d.ilk
c:\users\s171699\desktop\patterndemo\aiebootstrap\temp\project2d\debug\project2d.exe
c:\users\s171699\desktop\patterndemo\aiebootstrap\temp\project2d\debug\project2d.pdb
c:\users\s171699\desktop\patterndemo\aiebootstrap\temp\project2d\debug\project2d.tlog\cl.command.1.tlog
c:\users\s171699\desktop\patterndemo\aiebootstrap\temp\project2d\debug\project2d.tlog\cl.read.1.tlog
c:\users\s171699\desktop\patterndemo\aiebootstrap\temp\project2d\debug\project2d.tlog\cl.write.1.tlog
c:\users\s171699\desktop\patterndemo\aiebootstrap\temp\project2d\debug\project2d.tlog\link.command.1.tlog
c:\users\s171699\desktop\patterndemo\aiebootstrap\temp\project2d\debug\project2d.tlog\link.read.1.tlog
c:\users\s171699\desktop\patterndemo\aiebootstrap\temp\project2d\debug\project2d.tlog\link.write.1.tlog
